============================================================
  Generated by:           Genus(TM) Synthesis Solution 21.18-s082_1
  Generated on:           May 03 2025  05:36:22 pm
  Module:                 riscv_stub
  Operating conditions:   typical_1.00 (balanced_tree)
  Wireload mode:          enclosed
  Area mode:              timing library
============================================================


Path 1: MET (4948459 ps) Setup Check with Pin EX_MEM_alu_result_reg[31]/clk->d
          Group: clk
     Startpoint: (R) MEM_WB_reg_write_reg/clk
          Clock: (R) clk
       Endpoint: (F) EX_MEM_alu_result_reg[31]/d
          Clock: (R) clk

                      Capture       Launch     
        Clock Edge:+  5000000            0     
       Src Latency:+        0            0     
       Net Latency:+        0 (I)        0 (I) 
           Arrival:=  5000000            0     
                                               
             Setup:-       18                  
       Uncertainty:-    50000                  
     Required Time:=  4949982                  
      Launch Clock:-        0                  
         Data Path:-     1522                  
             Slack:=  4948459                  

#-----------------------------------------------------------------------------------------------------------------------
#            Timing Point             Flags     Arc    Edge       Cell         Fanout Load Trans Delay Arrival Instance 
#                                                                                     (fF)  (ps)  (ps)   (ps)  Location 
#-----------------------------------------------------------------------------------------------------------------------
  MEM_WB_reg_write_reg/clk            -       -        R     (arrival)           1401    -     0     0       0    (-,-) 
  MEM_WB_reg_write_reg/o              -       clk->o   R     b15fqn003hq1n02x5     36 32.7   176   163     163    (-,-) 
  g128804/out0                        -       c->out0  F     b15nona23aq1n04x5      1  0.9    27    21     184    (-,-) 
  g128743/out0                        -       a->out0  R     b15oab012aq1n03x5     29 24.9    92    79     263    (-,-) 
  g128739/o1                          -       a->o1    F     b15nor002aq1n04x4     32 23.1    68    70     333    (-,-) 
  g128734/o1                          -       a->o1    R     b15inv000aq1n05x5     19 16.7    45    57     390    (-,-) 
  g128698/o1                          -       a->o1    F     b15nor003aq1n02x7     32 27.1   108   101     491    (-,-) 
  g128419/o1                          -       b->o1    R     b15aoi022aq1n02x5      1  0.8    23    28     519    (-,-) 
  g127690__6783/o1                    -       a->o1    F     b15nand03aq1n03x5      1  0.9    11    13     532    (-,-) 
  g127460__2398/out0                  -       c->out0  R     b15nano23aq1n03x5      1  0.8     9    12     544    (-,-) 
  g127314__2883/o1                    -       a->o1    F     b15nand03aq1n03x5      1  0.9    11    10     554    (-,-) 
  g127266__6260/out0                  -       c->out0  R     b15nano23aq1n03x5      1  0.8     9    12     566    (-,-) 
  g127203__2346/o1                    -       a->o1    F     b15nand03aq1n03x5      2  1.8    16    13     580    (-,-) 
  g127134__1705/o                     -       a->o     F     b15ao0022aq1n04x5      1  1.4     7    19     599    (-,-) 
  sub_290_44_Y_add_289_44_g3428/out0  -       a->out0  F     b15xorc02aq1n03x5      1  1.8    32    21     620    (-,-) 
  sub_290_44_Y_add_289_44_g3411/carry -       c->carry F     b15rm0023aq1n04x5      1  1.8    10    36     656    (-,-) 
  sub_290_44_Y_add_289_44_g3410/carry -       c->carry F     b15rm0023aq1n04x5      1  1.8     9    28     684    (-,-) 
  sub_290_44_Y_add_289_44_g3409/carry -       c->carry F     b15rm0023aq1n04x5      1  1.8     9    28     712    (-,-) 
  sub_290_44_Y_add_289_44_g3408/carry -       c->carry F     b15rm0023aq1n04x5      1  1.8     9    28     739    (-,-) 
  sub_290_44_Y_add_289_44_g3407/carry -       c->carry F     b15rm0023aq1n04x5      1  1.8     9    28     767    (-,-) 
  sub_290_44_Y_add_289_44_g3406/carry -       c->carry F     b15rm0023aq1n04x5      1  1.8     9    28     794    (-,-) 
  sub_290_44_Y_add_289_44_g3405/carry -       c->carry F     b15rm0023aq1n04x5      1  1.8    10    28     822    (-,-) 
  sub_290_44_Y_add_289_44_g3404/carry -       c->carry F     b15rm0023aq1n04x5      1  1.8     9    28     850    (-,-) 
  sub_290_44_Y_add_289_44_g3403/carry -       c->carry F     b15rm0023aq1n04x5      1  1.8     9    28     878    (-,-) 
  sub_290_44_Y_add_289_44_g3402/carry -       c->carry F     b15rm0023aq1n04x5      1  1.8    10    28     905    (-,-) 
  sub_290_44_Y_add_289_44_g3401/carry -       c->carry F     b15rm0023aq1n04x5      1  1.8     9    28     933    (-,-) 
  sub_290_44_Y_add_289_44_g3400/carry -       c->carry F     b15rm0023aq1n04x5      1  1.8     9    28     961    (-,-) 
  sub_290_44_Y_add_289_44_g3399/carry -       c->carry F     b15rm0023aq1n04x5      1  1.8     9    28     988    (-,-) 
  sub_290_44_Y_add_289_44_g3398/carry -       c->carry F     b15rm0023aq1n04x5      1  1.8     9    28    1016    (-,-) 
  sub_290_44_Y_add_289_44_g3397/carry -       c->carry F     b15rm0023aq1n04x5      1  1.8    10    28    1044    (-,-) 
  sub_290_44_Y_add_289_44_g3396/carry -       c->carry F     b15rm0023aq1n04x5      1  1.8     9    28    1072    (-,-) 
  sub_290_44_Y_add_289_44_g3395/carry -       c->carry F     b15rm0023aq1n04x5      1  1.8     9    28    1099    (-,-) 
  sub_290_44_Y_add_289_44_g3394/carry -       c->carry F     b15rm0023aq1n04x5      1  1.8     9    28    1127    (-,-) 
  sub_290_44_Y_add_289_44_g3393/carry -       c->carry F     b15rm0023aq1n04x5      1  1.8     9    28    1154    (-,-) 
  sub_290_44_Y_add_289_44_g3392/carry -       c->carry F     b15rm0023aq1n04x5      1  1.8     9    28    1182    (-,-) 
  sub_290_44_Y_add_289_44_g3391/carry -       c->carry F     b15rm0023aq1n04x5      1  1.8     9    28    1210    (-,-) 
  sub_290_44_Y_add_289_44_g3390/carry -       c->carry F     b15rm0023aq1n04x5      1  1.8     9    28    1237    (-,-) 
  sub_290_44_Y_add_289_44_g3389/carry -       c->carry F     b15rm0023aq1n04x5      1  1.8     9    28    1265    (-,-) 
  sub_290_44_Y_add_289_44_g3388/carry -       c->carry F     b15rm0023aq1n04x5      1  1.8     9    28    1292    (-,-) 
  sub_290_44_Y_add_289_44_g3387/carry -       c->carry F     b15rm0023aq1n04x5      1  1.8     9    28    1320    (-,-) 
  sub_290_44_Y_add_289_44_g3386/carry -       c->carry F     b15rm0023aq1n04x5      1  1.8     9    28    1348    (-,-) 
  sub_290_44_Y_add_289_44_g3385/carry -       c->carry F     b15rm0023aq1n04x5      1  1.8     9    28    1375    (-,-) 
  sub_290_44_Y_add_289_44_g3384/carry -       c->carry F     b15rm0023aq1n04x5      1  1.8     9    28    1403    (-,-) 
  sub_290_44_Y_add_289_44_g3383/carry -       c->carry F     b15rm0023aq1n04x5      1  1.8    10    28    1430    (-,-) 
  sub_290_44_Y_add_289_44_g3382/carry -       c->carry F     b15rm0023aq1n04x5      1  1.8     9    28    1458    (-,-) 
  sub_290_44_Y_add_289_44_g3381/carry -       c->carry F     b15rm0023aq1n04x5      1  1.4     8    27    1485    (-,-) 
  sub_290_44_Y_add_289_44_g3380/out0  -       a->out0  F     b15xnrc02aq1n03x5      1  0.9     9    18    1503    (-,-) 
  g66258/o1                           -       b->o1    R     b15aoi012aq1n02x5      1  1.1    14    12    1515    (-,-) 
  g66250/o1                           -       a->o1    F     b15nand02aq1n05x5      1  0.8     6     7    1522    (-,-) 
  EX_MEM_alu_result_reg[31]/d         <<<     -        F     b15fqn003hq1n02x5      1    -     -     0    1522    (-,-) 
#-----------------------------------------------------------------------------------------------------------------------

