============================================================
  Generated by:           Genus(TM) Synthesis Solution 21.18-s082_1
  Generated on:           May 03 2025  06:05:21 pm
  Module:                 riscv_stub
  Operating conditions:   typical_1.00 (balanced_tree)
  Wireload mode:          enclosed
  Area mode:              timing library
============================================================


Path 1: MET (1947919 ps) Setup Check with Pin EX_MEM_alu_result_reg[30]/clk->d
          Group: clk
     Startpoint: (R) MEM_WB_reg_write_reg/clk
          Clock: (R) clk
       Endpoint: (F) EX_MEM_alu_result_reg[30]/d
          Clock: (R) clk

                      Capture       Launch     
        Clock Edge:+  2000000            0     
       Src Latency:+        0            0     
       Net Latency:+        0 (I)        0 (I) 
           Arrival:=  2000000            0     
                                               
             Setup:-       26                  
       Uncertainty:-    50000                  
     Required Time:=  1949974                  
      Launch Clock:-        0                  
         Data Path:-     2055                  
             Slack:=  1947919                  

#-----------------------------------------------------------------------------------------------------------------------
#            Timing Point             Flags     Arc    Edge       Cell         Fanout Load Trans Delay Arrival Instance 
#                                                                                     (fF)  (ps)  (ps)   (ps)  Location 
#-----------------------------------------------------------------------------------------------------------------------
  MEM_WB_reg_write_reg/clk            -       -        R     (arrival)           1401    -     0     0       0    (-,-) 
  MEM_WB_reg_write_reg/o              -       clk->o   R     b15fqn003hl1n02x5     36 36.4   223   209     209    (-,-) 
  g128842/out0                        -       a->out0  R     b15nano23al1n03x5      1  0.8    14    40     249    (-,-) 
  g128774/o1                          -       a->o1    F     b15oai112al1n02x5      6  7.8    80    66     315    (-,-) 
  g128773/o1                          -       a->o1    R     b15inv000al1n05x5     28 26.8    73    87     402    (-,-) 
  g128770/o1                          -       a->o1    F     b15nor002al1n04x4     32 26.5    71    80     482    (-,-) 
  g128765/o1                          -       a->o1    R     b15inv000al1n05x5     19 18.3    53    68     550    (-,-) 
  g128722/o1                          -       a->o1    F     b15nor003al1n02x7     32 31.4   144   135     685    (-,-) 
  g128426/o1                          -       d->o1    R     b15aoi022al1n02x5      1  0.8    26    37     721    (-,-) 
  g127691__3680/o1                    -       c->o1    F     b15nand03al1n03x5      1  1.1    15    18     740    (-,-) 
  g127461__5107/out0                  -       d->out0  R     b15nano23al1n03x5      1  0.9    12    18     758    (-,-) 
  g127314__2883/o1                    -       a->o1    F     b15nand03al1n03x5      1  1.1    14    14     772    (-,-) 
  g127266__6260/out0                  -       c->out0  R     b15nano23al1n03x5      1  0.9    12    16     788    (-,-) 
  g127203__2346/o1                    -       a->o1    F     b15nand03al1n03x5      2  2.0    19    18     806    (-,-) 
  g127133__2802/o                     -       a->o     F     b15ao0022al1n04x5      1  1.5     9    25     831    (-,-) 
  sub_290_44_Y_add_289_44_g3441/out0  -       a->out0  F     b15xorc02al1n03x5      1  2.0    41    28     858    (-,-) 
  sub_290_44_Y_add_289_44_g3424/carry -       c->carry F     b15rm0023al1n04x5      1  2.0    14    48     906    (-,-) 
  sub_290_44_Y_add_289_44_g3423/carry -       c->carry F     b15rm0023al1n04x5      1  2.0    11    37     944    (-,-) 
  sub_290_44_Y_add_289_44_g3422/carry -       c->carry F     b15rm0023al1n04x5      1  2.0    11    36     980    (-,-) 
  sub_290_44_Y_add_289_44_g3421/carry -       c->carry F     b15rm0023al1n04x5      1  2.0    11    36    1016    (-,-) 
  sub_290_44_Y_add_289_44_g3420/carry -       c->carry F     b15rm0023al1n04x5      1  2.0    11    36    1052    (-,-) 
  sub_290_44_Y_add_289_44_g3419/carry -       c->carry F     b15rm0023al1n04x5      1  2.0    11    36    1088    (-,-) 
  sub_290_44_Y_add_289_44_g3418/carry -       c->carry F     b15rm0023al1n04x5      1  2.0    13    36    1124    (-,-) 
  sub_290_44_Y_add_289_44_g3417/carry -       c->carry F     b15rm0023al1n04x5      1  2.0    11    37    1161    (-,-) 
  sub_290_44_Y_add_289_44_g3416/carry -       c->carry F     b15rm0023al1n04x5      1  2.0    11    36    1198    (-,-) 
  sub_290_44_Y_add_289_44_g3415/carry -       c->carry F     b15rm0023al1n04x5      1  2.0    12    36    1234    (-,-) 
  sub_290_44_Y_add_289_44_g3414/carry -       c->carry F     b15rm0023al1n04x5      1  2.0    11    37    1270    (-,-) 
  sub_290_44_Y_add_289_44_g3413/carry -       c->carry F     b15rm0023al1n04x5      1  2.0    11    36    1306    (-,-) 
  sub_290_44_Y_add_289_44_g3412/carry -       c->carry F     b15rm0023al1n04x5      1  2.0    11    36    1342    (-,-) 
  sub_290_44_Y_add_289_44_g3411/carry -       c->carry F     b15rm0023al1n04x5      1  2.0    11    36    1378    (-,-) 
  sub_290_44_Y_add_289_44_g3410/carry -       c->carry F     b15rm0023al1n04x5      1  2.0    12    36    1415    (-,-) 
  sub_290_44_Y_add_289_44_g3409/carry -       c->carry F     b15rm0023al1n04x5      1  2.0    11    37    1451    (-,-) 
  sub_290_44_Y_add_289_44_g3408/carry -       c->carry F     b15rm0023al1n04x5      1  2.0    11    36    1487    (-,-) 
  sub_290_44_Y_add_289_44_g3407/carry -       c->carry F     b15rm0023al1n04x5      1  2.0    11    36    1524    (-,-) 
  sub_290_44_Y_add_289_44_g3406/carry -       c->carry F     b15rm0023al1n04x5      1  2.0    11    36    1560    (-,-) 
  sub_290_44_Y_add_289_44_g3405/carry -       c->carry F     b15rm0023al1n04x5      1  2.0    11    36    1596    (-,-) 
  sub_290_44_Y_add_289_44_g3404/carry -       c->carry F     b15rm0023al1n04x5      1  2.0    11    36    1632    (-,-) 
  sub_290_44_Y_add_289_44_g3403/carry -       c->carry F     b15rm0023al1n04x5      1  2.0    11    36    1668    (-,-) 
  sub_290_44_Y_add_289_44_g3402/carry -       c->carry F     b15rm0023al1n04x5      1  2.0    11    36    1704    (-,-) 
  sub_290_44_Y_add_289_44_g3401/carry -       c->carry F     b15rm0023al1n04x5      1  2.0    11    36    1740    (-,-) 
  sub_290_44_Y_add_289_44_g3400/carry -       c->carry F     b15rm0023al1n04x5      1  2.0    11    36    1776    (-,-) 
  sub_290_44_Y_add_289_44_g3399/carry -       c->carry F     b15rm0023al1n04x5      1  2.0    11    36    1812    (-,-) 
  sub_290_44_Y_add_289_44_g3398/carry -       c->carry F     b15rm0023al1n04x5      1  2.0    11    36    1848    (-,-) 
  sub_290_44_Y_add_289_44_g3397/carry -       c->carry F     b15rm0023al1n04x5      1  2.0    11    36    1885    (-,-) 
  sub_290_44_Y_add_289_44_g3396/carry -       c->carry F     b15rm0023al1n04x5      1  2.0    13    36    1921    (-,-) 
  sub_290_44_Y_add_289_44_g3395/carry -       c->carry F     b15rm0023al1n04x5      1  2.0    11    37    1958    (-,-) 
  sub_290_44_Y_add_289_44_g3394/sum   -       c->sum   F     b15rm0023al1n02x5      1  0.9     9    33    1991    (-,-) 
  g68345/o1                           -       a->o1    R     b15nandp2al1n03x5      1  0.8    13     9    2000    (-,-) 
  g66779/o1                           -       a->o1    F     b15oai013al1n02x3      1  0.7    14    16    2016    (-,-) 
  g66290/o1                           -       a->o1    R     b15aoi112al1n02x3      1  0.9    23    25    2040    (-,-) 
  g66261/o1                           -       a->o1    F     b15nand03al1n03x5      1  0.8    13    15    2055    (-,-) 
  EX_MEM_alu_result_reg[30]/d         <<<     -        F     b15fqn003hl1n02x5      1    -     -     0    2055    (-,-) 
#-----------------------------------------------------------------------------------------------------------------------

