============================================================
  Generated by:           Genus(TM) Synthesis Solution 21.18-s082_1
  Generated on:           May 03 2025  06:17:01 pm
  Module:                 riscv_stub
  Operating conditions:   typical_1.00 (balanced_tree)
  Wireload mode:          enclosed
  Area mode:              timing library
============================================================


Path 1: MET (1948310 ps) Setup Check with Pin EX_MEM_alu_result_reg[31]/clk->d
          Group: clk
     Startpoint: (R) MEM_WB_reg_write_reg/clk
          Clock: (R) clk
       Endpoint: (F) EX_MEM_alu_result_reg[31]/d
          Clock: (R) clk

                      Capture       Launch     
        Clock Edge:+  2000000            0     
       Src Latency:+        0            0     
       Net Latency:+        0 (I)        0 (I) 
           Arrival:=  2000000            0     
                                               
             Setup:-       20                  
       Uncertainty:-    50000                  
     Required Time:=  1949980                  
      Launch Clock:-        0                  
         Data Path:-     1670                  
             Slack:=  1948310                  

#-----------------------------------------------------------------------------------------------------------------------
#            Timing Point             Flags     Arc    Edge       Cell         Fanout Load Trans Delay Arrival Instance 
#                                                                                     (fF)  (ps)  (ps)   (ps)  Location 
#-----------------------------------------------------------------------------------------------------------------------
  MEM_WB_reg_write_reg/clk            -       -        R     (arrival)           1401    -     0     0       0    (-,-) 
  MEM_WB_reg_write_reg/o              -       clk->o   R     b15fqn003hn1n02x5     36 33.0   185   174     174    (-,-) 
  g128799/out0                        -       d->out0  F     b15nona23an1n04x5      1  1.0    27    22     195    (-,-) 
  g128738/out0                        -       a->out0  R     b15oab012an1n03x5     29 25.5   100    85     280    (-,-) 
  g128734/o1                          -       a->o1    F     b15nor002an1n04x4     32 26.1    67    82     363    (-,-) 
  g128729/o1                          -       a->o1    R     b15inv000an1n05x5     19 16.7    46    58     421    (-,-) 
  g128692/o1                          -       a->o1    F     b15nor003an1n02x7     32 28.6   118   110     532    (-,-) 
  g128416/o1                          -       d->o1    R     b15aoi022an1n02x5      1  0.8    22    30     562    (-,-) 
  g127685__6783/o1                    -       b->o1    F     b15nand03an1n03x5      1  1.0    13    15     577    (-,-) 
  g127455__2398/out0                  -       c->out0  R     b15nano23an1n03x5      1  0.9    10    14     591    (-,-) 
  g127309__2883/o1                    -       a->o1    F     b15nand03an1n03x5      1  1.0    12    11     603    (-,-) 
  g127261__6260/out0                  -       c->out0  R     b15nano23an1n03x5      1  0.9    10    14     616    (-,-) 
  g127198__2346/o1                    -       a->o1    F     b15nand03an1n03x5      2  1.8    15    15     631    (-,-) 
  g127129__1705/o                     -       a->o     F     b15ao0022an1n04x5      1  1.4     8    20     652    (-,-) 
  sub_290_44_Y_add_289_44_g3441/out0  -       a->out0  F     b15xorc02an1n03x5      1  1.9    30    23     674    (-,-) 
  sub_290_44_Y_add_289_44_g3424/carry -       c->carry F     b15rm0023an1n04x5      1  1.9    11    38     713    (-,-) 
  sub_290_44_Y_add_289_44_g3423/carry -       c->carry F     b15rm0023an1n04x5      1  1.9    10    31     744    (-,-) 
  sub_290_44_Y_add_289_44_g3422/carry -       c->carry F     b15rm0023an1n04x5      1  1.9    10    30     774    (-,-) 
  sub_290_44_Y_add_289_44_g3421/carry -       c->carry F     b15rm0023an1n04x5      1  1.9    10    30     805    (-,-) 
  sub_290_44_Y_add_289_44_g3420/carry -       c->carry F     b15rm0023an1n04x5      1  1.9    10    30     835    (-,-) 
  sub_290_44_Y_add_289_44_g3419/carry -       c->carry F     b15rm0023an1n04x5      1  1.9    10    30     866    (-,-) 
  sub_290_44_Y_add_289_44_g3418/carry -       c->carry F     b15rm0023an1n04x5      1  1.9    11    30     896    (-,-) 
  sub_290_44_Y_add_289_44_g3417/carry -       c->carry F     b15rm0023an1n04x5      1  1.9    10    31     927    (-,-) 
  sub_290_44_Y_add_289_44_g3416/carry -       c->carry F     b15rm0023an1n04x5      1  1.9    10    30     958    (-,-) 
  sub_290_44_Y_add_289_44_g3415/carry -       c->carry F     b15rm0023an1n04x5      1  1.9    11    30     988    (-,-) 
  sub_290_44_Y_add_289_44_g3414/carry -       c->carry F     b15rm0023an1n04x5      1  1.9    10    31    1019    (-,-) 
  sub_290_44_Y_add_289_44_g3413/carry -       c->carry F     b15rm0023an1n04x5      1  1.9    10    30    1050    (-,-) 
  sub_290_44_Y_add_289_44_g3412/carry -       c->carry F     b15rm0023an1n04x5      1  1.9     9    30    1080    (-,-) 
  sub_290_44_Y_add_289_44_g3411/carry -       c->carry F     b15rm0023an1n04x5      1  1.9     9    30    1111    (-,-) 
  sub_290_44_Y_add_289_44_g3410/carry -       c->carry F     b15rm0023an1n04x5      1  1.9    11    30    1141    (-,-) 
  sub_290_44_Y_add_289_44_g3409/carry -       c->carry F     b15rm0023an1n04x5      1  1.9    10    31    1172    (-,-) 
  sub_290_44_Y_add_289_44_g3408/carry -       c->carry F     b15rm0023an1n04x5      1  1.9     9    30    1203    (-,-) 
  sub_290_44_Y_add_289_44_g3407/carry -       c->carry F     b15rm0023an1n04x5      1  1.9    10    30    1233    (-,-) 
  sub_290_44_Y_add_289_44_g3406/carry -       c->carry F     b15rm0023an1n04x5      1  1.9     9    30    1264    (-,-) 
  sub_290_44_Y_add_289_44_g3405/carry -       c->carry F     b15rm0023an1n04x5      1  1.9     9    30    1294    (-,-) 
  sub_290_44_Y_add_289_44_g3404/carry -       c->carry F     b15rm0023an1n04x5      1  1.9     9    30    1325    (-,-) 
  sub_290_44_Y_add_289_44_g3403/carry -       c->carry F     b15rm0023an1n04x5      1  1.9    10    30    1355    (-,-) 
  sub_290_44_Y_add_289_44_g3402/carry -       c->carry F     b15rm0023an1n04x5      1  1.9     9    30    1386    (-,-) 
  sub_290_44_Y_add_289_44_g3401/carry -       c->carry F     b15rm0023an1n04x5      1  1.9     9    30    1416    (-,-) 
  sub_290_44_Y_add_289_44_g3400/carry -       c->carry F     b15rm0023an1n04x5      1  1.9    10    30    1447    (-,-) 
  sub_290_44_Y_add_289_44_g3399/carry -       c->carry F     b15rm0023an1n04x5      1  1.9     9    30    1477    (-,-) 
  sub_290_44_Y_add_289_44_g3398/carry -       c->carry F     b15rm0023an1n04x5      1  1.9    10    30    1508    (-,-) 
  sub_290_44_Y_add_289_44_g3397/carry -       c->carry F     b15rm0023an1n04x5      1  1.9    10    30    1538    (-,-) 
  sub_290_44_Y_add_289_44_g3396/carry -       c->carry F     b15rm0023an1n04x5      1  1.9    10    30    1569    (-,-) 
  sub_290_44_Y_add_289_44_g3395/carry -       c->carry F     b15rm0023an1n04x5      1  1.9    10    31    1600    (-,-) 
  sub_290_44_Y_add_289_44_g3394/carry -       c->carry F     b15rm0023an1n04x5      1  1.4     8    29    1629    (-,-) 
  sub_290_44_Y_add_289_44_g3393/out0  -       a->out0  F     b15xnrc02an1n03x5      1  0.9     9    20    1649    (-,-) 
  g66417/o1                           -       b->o1    R     b15aoi012an1n02x5      1  1.2    16    13    1662    (-,-) 
  g66405/o1                           -       a->o1    F     b15nand02an1n05x5      1  0.8     7     8    1670    (-,-) 
  EX_MEM_alu_result_reg[31]/d         <<<     -        F     b15fqn003hn1n02x5      1    -     -     0    1670    (-,-) 
#-----------------------------------------------------------------------------------------------------------------------

