###############################################################
#  Generated by:      Cadence Innovus 21.18-s099_1
#  OS:                Linux x86_64(Host ID student04)
#  Generated on:      Thu May  9 14:48:22 2024
#  Design:            riscv_stub
#  Command:           checkDesign -io -netlist -physicalLibrary -powerGround -tieHilo -timingLibrary -spef -floorplan -place -outdir checkDesign
###############################################################
Design: riscv_stub

------ Design Summary:
Total Standard Cell Number   (cells) : 3698
Total Block Cell Number      (cells) : 0
Total I/O Pad Cell Number    (cells) : 0
Total Standard Cell Area     ( um^2) : 2899.26
Total Block Cell Area        ( um^2) : 0.00
Total I/O Pad Cell Area      ( um^2) : 0.00

------ Design Statistics:

Number of Instances            : 3698
Number of Non-uniquified Insts : 3675
Number of Nets                 : 3845
Average number of Pins per Net : 4.73
Maximum number of Pins in Net  : 1294

------ I/O Port summary

Number of Primary I/O Ports    : 163
Number of Input Ports          : 66
Number of Output Ports         : 97
Number of Bidirectional Ports  : 0
Number of Power/Ground Ports   : 0



------------------------------------------------------------
Detail report:


------ I/O Pad/Port Checking

WARN : Port instr_addr[1] is floating in the top design.
WARN : Port instr_addr[0] is floating in the top design.

------ Primitive Pins DRC Checking

**WARN: Instance 'SUB_TC_OP_2_Y_SUB_TC_OP_1_Y_SUB_TC_OP19_Y_ADD_TC_OP_g1058' has multiple input pins tied together to net 'n_2376'.
**WARN: Instance 'SUB_TC_OP_2_Y_SUB_TC_OP_1_Y_SUB_TC_OP19_Y_ADD_TC_OP_g1065' has multiple input pins tied together to net 'n_2382'.
**WARN: Instance 'SUB_TC_OP_2_Y_SUB_TC_OP_1_Y_SUB_TC_OP19_Y_ADD_TC_OP_g1067' has multiple input pins tied together to net 'n_2388'.
**WARN: Instance 'SUB_TC_OP_2_Y_SUB_TC_OP_1_Y_SUB_TC_OP19_Y_ADD_TC_OP_g1068' has multiple input pins tied together to net 'n_2387'.
**WARN: Instance 'SUB_TC_OP_2_Y_SUB_TC_OP_1_Y_SUB_TC_OP19_Y_ADD_TC_OP_g1070' has multiple input pins tied together to net 'n_2381'.
**WARN: Instance 'SUB_TC_OP_2_Y_SUB_TC_OP_1_Y_SUB_TC_OP19_Y_ADD_TC_OP_g1071' has multiple input pins tied together to net 'n_2386'.
**WARN: Instance 'SUB_TC_OP_2_Y_SUB_TC_OP_1_Y_SUB_TC_OP19_Y_ADD_TC_OP_g1072' has multiple input pins tied together to net 'n_2394'.
**WARN: Instance 'SUB_TC_OP_2_Y_SUB_TC_OP_1_Y_SUB_TC_OP19_Y_ADD_TC_OP_g1073' has multiple input pins tied together to net 'n_2399'.
**WARN: Instance 'SUB_TC_OP_2_Y_SUB_TC_OP_1_Y_SUB_TC_OP19_Y_ADD_TC_OP_g1074' has multiple input pins tied together to net 'n_2385'.
**WARN: Instance 'SUB_TC_OP_2_Y_SUB_TC_OP_1_Y_SUB_TC_OP19_Y_ADD_TC_OP_g1076' has multiple input pins tied together to net 'n_2397'.
**WARN: Instance 'SUB_TC_OP_2_Y_SUB_TC_OP_1_Y_SUB_TC_OP19_Y_ADD_TC_OP_g1077' has multiple input pins tied together to net 'n_2384'.
**WARN: Instance 'SUB_TC_OP_2_Y_SUB_TC_OP_1_Y_SUB_TC_OP19_Y_ADD_TC_OP_g1078' has multiple input pins tied together to net 'n_2383'.
**WARN: Instance 'SUB_TC_OP_2_Y_SUB_TC_OP_1_Y_SUB_TC_OP19_Y_ADD_TC_OP_g1080' has multiple input pins tied together to net 'n_2389'.
**WARN: Instance 'SUB_TC_OP_2_Y_SUB_TC_OP_1_Y_SUB_TC_OP19_Y_ADD_TC_OP_g1081' has multiple input pins tied together to net 'n_2380'.

------ Primitive Net DRC Check

WARNING : Net pc_next[0] has no FanOut pin
WARNING : Net pc_next[1] has no FanOut pin
WARNING : Net pc_next[2] has no FanOut pin
WARNING : Net ID_EX_imm[12] has no FanOut pin
WARNING : Net ID_EX_imm[13] has no FanOut pin
WARNING : Net ID_EX_imm[14] has no FanOut pin
WARNING : Net ID_EX_imm[15] has no FanOut pin
WARNING : Net ID_EX_imm[16] has no FanOut pin
WARNING : Net ID_EX_imm[17] has no FanOut pin
WARNING : Net ID_EX_imm[18] has no FanOut pin
WARNING : Net ID_EX_imm[19] has no FanOut pin
WARNING : Net ID_EX_imm[20] has no FanOut pin
WARNING : Net ID_EX_imm[21] has no FanOut pin
WARNING : Net ID_EX_imm[22] has no FanOut pin
WARNING : Net ID_EX_imm[23] has no FanOut pin
WARNING : Net ID_EX_imm[24] has no FanOut pin
WARNING : Net ID_EX_imm[25] has no FanOut pin
WARNING : Net ID_EX_imm[26] has no FanOut pin
WARNING : Net ID_EX_imm[27] has no FanOut pin
WARNING : Net ID_EX_imm[28] has no FanOut pin
WARNING : Net ID_EX_imm[29] has no FanOut pin
WARNING : Net ID_EX_imm[30] has no FanOut pin
WARNING : Net ID_EX_imm[31] has no FanOut pin
WARNING : Net n_0 has 1293 fanout
WARNING : Net clk has 1293 fanout

